<?xml version="1.0" encoding="UTF-8"?>
<robot generator="Robot 6.1.1 (Python 3.12.1 on darwin)" generated="20240106 22:51:39.072" rpa="false" schemaversion="4">
<suite id="s1" name="searchSuite" source="/Users/alheranijunivia/Documents/QA/QA-Sanber52-MobileAutomation/Sanber52-MobileAutomation-Kelompok-14/suites/searchSuite.robot">
<test id="s1-t1" name="User should be able to search with valid credentials" line="16">
<kw name="Open Flight Application" library="base">
<kw name="Open Application" library="AppiumLibrary">
<arg>remote_url=${REMOTE_URL}</arg>
<arg>platformName=${PLATFORM_NAME}</arg>
<arg>platformVersion=${PLATFORM_VERSION}</arg>
<arg>deviceName=${DEVICE_NAME}</arg>
<arg>appPackage=${APP_PACKAGE}</arg>
<arg>appActivity=${APP_ACTIVITY}</arg>
<doc>Opens a new application to given Appium server.
Capabilities of appium server, Android and iOS,
Please check https://github.com/appium/appium/blob/master/docs/en/writing-running-appium/server-args.md
| *Option*            | *Man.* | *Description*     |
| remote_url          | Yes    | Appium server url |
| alias               | no     | alias             |
| strict_ssl          | No     | allows you to send commands to an invalid certificate host like a self-signed one. |</doc>
<status status="PASS" starttime="20240106 22:51:39.524" endtime="20240106 22:51:48.532"/>
</kw>
<status status="PASS" starttime="20240106 22:51:39.524" endtime="20240106 22:51:48.532"/>
</kw>
<kw name="Verify Home Page appears" library="homePage">
<kw name="Wait Until Element Is Visible" library="AppiumLibrary">
<arg>${logo_homePage}</arg>
<doc>Waits until element specified with `locator` is visible.</doc>
<msg timestamp="20240106 22:51:49.449" level="INFO">xpath criteria: //android.widget.ImageView[@resource-id="com.example.myapplication:id/imageView4"]</msg>
<status status="PASS" starttime="20240106 22:51:48.533" endtime="20240106 22:51:49.449"/>
</kw>
<status status="PASS" starttime="20240106 22:51:48.532" endtime="20240106 22:51:49.449"/>
</kw>
<kw name="Click Sign In Button on Home Page" library="homePage">
<kw name="Wait Until Element Is Visible" library="AppiumLibrary">
<arg>${signIn_button_homePage}</arg>
<doc>Waits until element specified with `locator` is visible.</doc>
<msg timestamp="20240106 22:51:49.550" level="INFO">xpath criteria: //android.widget.Button[@resource-id="com.example.myapplication:id/login"]</msg>
<status status="PASS" starttime="20240106 22:51:49.450" endtime="20240106 22:51:49.550"/>
</kw>
<kw name="Click Element" library="AppiumLibrary">
<arg>${signIn_button_homePage}</arg>
<doc>Click element identified by `locator`.</doc>
<msg timestamp="20240106 22:51:49.553" level="INFO">Clicking element '//android.widget.Button[@resource-id="com.example.myapplication:id/login"]'.</msg>
<msg timestamp="20240106 22:51:49.779" level="INFO">xpath criteria: //android.widget.Button[@resource-id="com.example.myapplication:id/login"]</msg>
<status status="PASS" starttime="20240106 22:51:49.551" endtime="20240106 22:51:49.780"/>
</kw>
<status status="PASS" starttime="20240106 22:51:49.450" endtime="20240106 22:51:49.780"/>
</kw>
<kw name="Verify Login Appears" library="loginPage">
<kw name="Wait Until Element Is Visible" library="AppiumLibrary">
<arg>${email_input_loginPage}</arg>
<doc>Waits until element specified with `locator` is visible.</doc>
<msg timestamp="20240106 22:51:51.366" level="INFO">xpath criteria: //android.widget.EditText[@resource-id="com.example.myapplication:id/username"]
xpath criteria: //android.widget.EditText[@resource-id="com.example.myapplication:id/username"]</msg>
<status status="PASS" starttime="20240106 22:51:49.782" endtime="20240106 22:51:51.366"/>
</kw>
<kw name="Wait Until Element Is Visible" library="AppiumLibrary">
<arg>${password_input_loginPage}</arg>
<doc>Waits until element specified with `locator` is visible.</doc>
<msg timestamp="20240106 22:51:51.498" level="INFO">xpath criteria: //android.widget.EditText[@resource-id="com.example.myapplication:id/password"]</msg>
<status status="PASS" starttime="20240106 22:51:51.367" endtime="20240106 22:51:51.498"/>
</kw>
<kw name="Wait Until Element Is Visible" library="AppiumLibrary">
<arg>${signIn_button_loginPage}</arg>
<doc>Waits until element specified with `locator` is visible.</doc>
<msg timestamp="20240106 22:51:51.645" level="INFO">xpath criteria: //android.widget.Button[@resource-id="com.example.myapplication:id/signIn"]</msg>
<status status="PASS" starttime="20240106 22:51:51.498" endtime="20240106 22:51:51.645"/>
</kw>
<status status="PASS" starttime="20240106 22:51:49.781" endtime="20240106 22:51:51.645"/>
</kw>
<kw name="Input User Email On Login Page" library="loginPage">
<arg>${VALID_EMAIL}</arg>
<kw name="Input Text" library="AppiumLibrary">
<arg>${email_input_loginPage}</arg>
<arg>${email}</arg>
<doc>Types the given `text` into text field identified by `locator`.</doc>
<msg timestamp="20240106 22:51:51.649" level="INFO">Typing text 'support@ngendigital.com' into text field '//android.widget.EditText[@resource-id="com.example.myapplication:id/username"]'</msg>
<msg timestamp="20240106 22:51:51.803" level="INFO">xpath criteria: //android.widget.EditText[@resource-id="com.example.myapplication:id/username"]</msg>
<status status="PASS" starttime="20240106 22:51:51.646" endtime="20240106 22:51:51.803"/>
</kw>
<status status="PASS" starttime="20240106 22:51:51.646" endtime="20240106 22:51:51.803"/>
</kw>
<kw name="Input User Password On Login Page" library="loginPage">
<arg>${VALID_PASSWORD}</arg>
<kw name="Input Text" library="AppiumLibrary">
<arg>${password_input_loginPage}</arg>
<arg>${password}</arg>
<doc>Types the given `text` into text field identified by `locator`.</doc>
<msg timestamp="20240106 22:51:51.806" level="INFO">Typing text 'abc123' into text field '//android.widget.EditText[@resource-id="com.example.myapplication:id/password"]'</msg>
<msg timestamp="20240106 22:51:52.319" level="INFO">xpath criteria: //android.widget.EditText[@resource-id="com.example.myapplication:id/password"]</msg>
<status status="PASS" starttime="20240106 22:51:51.804" endtime="20240106 22:51:52.319"/>
</kw>
<status status="PASS" starttime="20240106 22:51:51.803" endtime="20240106 22:51:52.320"/>
</kw>
<kw name="Click Sign In Button On Login Page" library="loginPage">
<kw name="Click Element" library="AppiumLibrary">
<arg>${signIn_button_loginPage}</arg>
<doc>Click element identified by `locator`.</doc>
<msg timestamp="20240106 22:51:52.326" level="INFO">Clicking element '//android.widget.Button[@resource-id="com.example.myapplication:id/signIn"]'.</msg>
<msg timestamp="20240106 22:51:52.880" level="INFO">xpath criteria: //android.widget.Button[@resource-id="com.example.myapplication:id/signIn"]</msg>
<status status="PASS" starttime="20240106 22:51:52.320" endtime="20240106 22:51:52.880"/>
</kw>
<status status="PASS" starttime="20240106 22:51:52.320" endtime="20240106 22:51:52.881"/>
</kw>
<kw name="Verify User Is Logged In" library="homePage">
<kw name="Wait Until Element Is Visible" library="AppiumLibrary">
<arg>${userName_text_homePage}</arg>
<doc>Waits until element specified with `locator` is visible.</doc>
<msg timestamp="20240106 22:51:54.175" level="INFO">xpath criteria: //android.widget.TextView[@resource-id="com.example.myapplication:id/textView"]
xpath criteria: //android.widget.TextView[@resource-id="com.example.myapplication:id/textView"]</msg>
<status status="PASS" starttime="20240106 22:51:52.882" endtime="20240106 22:51:54.175"/>
</kw>
<status status="PASS" starttime="20240106 22:51:52.881" endtime="20240106 22:51:54.176"/>
</kw>
<kw name="Click Search Button On Home Page" library="homePage">
<kw name="Wait Until Element Is Visible" library="AppiumLibrary">
<arg>${search_button_homePage}</arg>
<doc>Waits until element specified with `locator` is visible.</doc>
<msg timestamp="20240106 22:51:54.442" level="INFO">xpath criteria: //android.widget.Button[@resource-id="com.example.myapplication:id/search_flight"]</msg>
<status status="PASS" starttime="20240106 22:51:54.177" endtime="20240106 22:51:54.443"/>
</kw>
<kw name="Click Element" library="AppiumLibrary">
<arg>${search_button_homePage}</arg>
<doc>Click element identified by `locator`.</doc>
<msg timestamp="20240106 22:51:54.446" level="INFO">Clicking element '//android.widget.Button[@resource-id="com.example.myapplication:id/search_flight"]'.</msg>
<msg timestamp="20240106 22:51:54.691" level="INFO">xpath criteria: //android.widget.Button[@resource-id="com.example.myapplication:id/search_flight"]</msg>
<status status="PASS" starttime="20240106 22:51:54.443" endtime="20240106 22:51:54.692"/>
</kw>
<status status="PASS" starttime="20240106 22:51:54.176" endtime="20240106 22:51:54.692"/>
</kw>
<kw name="Verify Search Page Appears" library="searchPage">
<kw name="Wait Until Element Is Visible" library="AppiumLibrary">
<arg>${label_enter_flightNumber_searchPage}</arg>
<doc>Waits until element specified with `locator` is visible.</doc>
<msg timestamp="20240106 22:51:56.927" level="INFO">xpath criteria: //android.widget.TextView[@resource-id="com.example.myapplication:id/enterFlight"]
xpath criteria: //android.widget.TextView[@resource-id="com.example.myapplication:id/enterFlight"]</msg>
<status status="PASS" starttime="20240106 22:51:54.693" endtime="20240106 22:51:56.927"/>
</kw>
<kw name="Wait Until Element Is Visible" library="AppiumLibrary">
<arg>${flightNumber_input_searchPage}</arg>
<doc>Waits until element specified with `locator` is visible.</doc>
<msg timestamp="20240106 22:51:57.059" level="INFO">xpath criteria: //android.widget.EditText[@resource-id="com.example.myapplication:id/flight_number"]</msg>
<status status="PASS" starttime="20240106 22:51:56.927" endtime="20240106 22:51:57.059"/>
</kw>
<kw name="Wait Until Element Is Visible" library="AppiumLibrary">
<arg>${search_button_searchPage}</arg>
<doc>Waits until element specified with `locator` is visible.</doc>
<msg timestamp="20240106 22:51:57.240" level="INFO">xpath criteria: //android.widget.Button[@resource-id="com.example.myapplication:id/searchFlight"]</msg>
<status status="PASS" starttime="20240106 22:51:57.060" endtime="20240106 22:51:57.240"/>
</kw>
<status status="PASS" starttime="20240106 22:51:54.693" endtime="20240106 22:51:57.241"/>
</kw>
<kw name="Input Flight Number" library="searchPage">
<arg>${VALID_FLIGHT_NUMBER}</arg>
<kw name="Input Text" library="AppiumLibrary">
<arg>${flightNumber_input_searchPage}</arg>
<arg>${flight_number}</arg>
<doc>Types the given `text` into text field identified by `locator`.</doc>
<msg timestamp="20240106 22:51:57.245" level="INFO">Typing text 'DA935' into text field '//android.widget.EditText[@resource-id="com.example.myapplication:id/flight_number"]'</msg>
<msg timestamp="20240106 22:51:57.481" level="INFO">xpath criteria: //android.widget.EditText[@resource-id="com.example.myapplication:id/flight_number"]</msg>
<status status="PASS" starttime="20240106 22:51:57.241" endtime="20240106 22:51:57.481"/>
</kw>
<status status="PASS" starttime="20240106 22:51:57.241" endtime="20240106 22:51:57.481"/>
</kw>
<kw name="Click Search In Button On Search Page" library="searchPage">
<kw name="Click Element" library="AppiumLibrary">
<arg>${search_button_searchPage}</arg>
<doc>Click element identified by `locator`.</doc>
<msg timestamp="20240106 22:51:57.486" level="INFO">Clicking element '//android.widget.Button[@resource-id="com.example.myapplication:id/searchFlight"]'.</msg>
<msg timestamp="20240106 22:51:58.101" level="INFO">xpath criteria: //android.widget.Button[@resource-id="com.example.myapplication:id/searchFlight"]</msg>
<status status="PASS" starttime="20240106 22:51:57.482" endtime="20240106 22:51:58.101"/>
</kw>
<status status="PASS" starttime="20240106 22:51:57.481" endtime="20240106 22:51:58.102"/>
</kw>
<kw name="Verify Flight Number Page" library="searchPage">
<kw name="Wait Until Element Is Visible" library="AppiumLibrary">
<arg>${label_result_destination_searchPage}</arg>
<doc>Waits until element specified with `locator` is visible.</doc>
<msg timestamp="20240106 22:51:59.464" level="INFO">xpath criteria: //android.widget.TextView[@text="Toronto to Paris"]
xpath criteria: //android.widget.TextView[@text="Toronto to Paris"]</msg>
<status status="PASS" starttime="20240106 22:51:58.102" endtime="20240106 22:51:59.464"/>
</kw>
<kw name="Wait Until Element Is Visible" library="AppiumLibrary">
<arg>${label_result_flightnumber_searchPage}</arg>
<doc>Waits until element specified with `locator` is visible.</doc>
<msg timestamp="20240106 22:51:59.588" level="INFO">xpath criteria: //android.widget.TextView[@text="DA 935"]</msg>
<status status="PASS" starttime="20240106 22:51:59.464" endtime="20240106 22:51:59.588"/>
</kw>
<kw name="Wait Until Element Is Visible" library="AppiumLibrary">
<arg>${label_terminal_searchPage}</arg>
<doc>Waits until element specified with `locator` is visible.</doc>
<msg timestamp="20240106 22:51:59.747" level="INFO">xpath criteria: //android.widget.TextView[@text="Terminal"]</msg>
<status status="PASS" starttime="20240106 22:51:59.589" endtime="20240106 22:51:59.747"/>
</kw>
<kw name="Wait Until Element Is Visible" library="AppiumLibrary">
<arg>${label_result_terminal_searchPage}</arg>
<doc>Waits until element specified with `locator` is visible.</doc>
<msg timestamp="20240106 22:51:59.985" level="INFO">xpath criteria: //android.widget.TextView[@text="--"]</msg>
<status status="PASS" starttime="20240106 22:51:59.747" endtime="20240106 22:51:59.985"/>
</kw>
<kw name="Wait Until Element Is Visible" library="AppiumLibrary">
<arg>${label_result_schedule_searchPage}</arg>
<doc>Waits until element specified with `locator` is visible.</doc>
<msg timestamp="20240106 22:52:00.167" level="INFO">xpath criteria: //android.widget.TextView[@text="17:00"]</msg>
<status status="PASS" starttime="20240106 22:51:59.985" endtime="20240106 22:52:00.167"/>
</kw>
<kw name="Wait Until Element Is Visible" library="AppiumLibrary">
<arg>${label_departed_searchPage}</arg>
<doc>Waits until element specified with `locator` is visible.</doc>
<msg timestamp="20240106 22:52:00.275" level="INFO">xpath criteria: //android.widget.TextView[@text="Departed"]</msg>
<status status="PASS" starttime="20240106 22:52:00.168" endtime="20240106 22:52:00.275"/>
</kw>
<kw name="Wait Until Element Is Visible" library="AppiumLibrary">
<arg>${label_result_departed_searchPage}</arg>
<doc>Waits until element specified with `locator` is visible.</doc>
<msg timestamp="20240106 22:52:00.363" level="INFO">xpath criteria: //android.widget.TextView[@text="On Time"]</msg>
<status status="PASS" starttime="20240106 22:52:00.275" endtime="20240106 22:52:00.363"/>
</kw>
<status status="PASS" starttime="20240106 22:51:58.102" endtime="20240106 22:52:00.363"/>
</kw>
<status status="PASS" starttime="20240106 22:51:39.523" endtime="20240106 22:52:00.364"/>
</test>
<status status="PASS" starttime="20240106 22:51:39.086" endtime="20240106 22:52:00.365"/>
</suite>
<statistics>
<total>
<stat pass="1" fail="0" skip="0">All Tests</stat>
</total>
<tag>
</tag>
<suite>
<stat pass="1" fail="0" skip="0" id="s1" name="searchSuite">searchSuite</stat>
</suite>
</statistics>
<errors>
</errors>
</robot>
