<?xml version="1.0" encoding="UTF-8"?>
<robot generator="Robot 6.1.1 (Python 3.11.4 on win32)" generated="20240111 21:22:43.673" rpa="false" schemaversion="4">
<suite id="s1" name="bookingSuite" source="C:\Users\Mursyid\Desktop\Quiz 4 QA Engineer\Sanber52-MobileAutomation-Kelompok-14\suites\bookingSuite.robot">
<test id="s1-t1" name="User Booking One Way Positive Case" line="16">
<kw name="Run Keywords" library="BuiltIn" type="SETUP">
<arg>Open Flight Application</arg>
<arg>Login with valid credentials</arg>
<doc>Executes all the given keywords in a sequence.</doc>
<kw name="Open Flight Application" library="base">
<kw name="Open Application" library="AppiumLibrary">
<arg>remote_url=${REMOTE_URL}</arg>
<arg>platformName=${PLATFORM_NAME}</arg>
<arg>platformVersion=${PLATFORM_VERSION}</arg>
<arg>deviceName=${DEVICE_NAME}</arg>
<arg>appPackage=${APP_PACKAGE}</arg>
<arg>appActivity=${APP_ACTIVITY}</arg>
<doc>Opens a new application to given Appium server.
Capabilities of appium server, Android and iOS,
Please check https://github.com/appium/appium/blob/master/docs/en/writing-running-appium/server-args.md
| *Option*            | *Man.* | *Description*     |
| remote_url          | Yes    | Appium server url |
| alias               | no     | alias             |
| strict_ssl          | No     | allows you to send commands to an invalid certificate host like a self-signed one. |</doc>
<status status="PASS" starttime="20240111 21:22:43.936" endtime="20240111 21:22:50.685"/>
</kw>
<status status="PASS" starttime="20240111 21:22:43.936" endtime="20240111 21:22:50.685"/>
</kw>
<kw name="Login With Valid Credentials" library="loginPage">
<kw name="Verify Home Page appears" library="homePage">
<kw name="Wait Until Element Is Visible" library="AppiumLibrary">
<arg>${logo_homePage}</arg>
<doc>Waits until element specified with `locator` is visible.</doc>
<msg timestamp="20240111 21:22:51.639" level="INFO">xpath criteria: //android.widget.ImageView[@resource-id="com.example.myapplication:id/imageView4"]</msg>
<status status="PASS" starttime="20240111 21:22:50.689" endtime="20240111 21:22:51.639"/>
</kw>
<status status="PASS" starttime="20240111 21:22:50.688" endtime="20240111 21:22:51.639"/>
</kw>
<kw name="Click Sign In Button on Home Page" library="homePage">
<kw name="Wait Until Element Is Visible" library="AppiumLibrary">
<arg>${signIn_button_homePage}</arg>
<doc>Waits until element specified with `locator` is visible.</doc>
<msg timestamp="20240111 21:22:51.731" level="INFO">xpath criteria: //android.widget.Button[@resource-id="com.example.myapplication:id/login"]</msg>
<status status="PASS" starttime="20240111 21:22:51.640" endtime="20240111 21:22:51.732"/>
</kw>
<kw name="Click Element" library="AppiumLibrary">
<arg>${signIn_button_homePage}</arg>
<doc>Click element identified by `locator`.</doc>
<msg timestamp="20240111 21:22:51.740" level="INFO">Clicking element '//android.widget.Button[@resource-id="com.example.myapplication:id/login"]'.</msg>
<msg timestamp="20240111 21:22:51.859" level="INFO">xpath criteria: //android.widget.Button[@resource-id="com.example.myapplication:id/login"]</msg>
<status status="PASS" starttime="20240111 21:22:51.732" endtime="20240111 21:22:51.859"/>
</kw>
<status status="PASS" starttime="20240111 21:22:51.639" endtime="20240111 21:22:51.859"/>
</kw>
<kw name="Verify Login Appears" library="loginPage">
<kw name="Wait Until Element Is Visible" library="AppiumLibrary">
<arg>${email_input_loginPage}</arg>
<doc>Waits until element specified with `locator` is visible.</doc>
<msg timestamp="20240111 21:22:52.595" level="INFO">xpath criteria: //android.widget.EditText[@resource-id="com.example.myapplication:id/username"]
xpath criteria: //android.widget.EditText[@resource-id="com.example.myapplication:id/username"]</msg>
<status status="PASS" starttime="20240111 21:22:51.860" endtime="20240111 21:22:52.596"/>
</kw>
<kw name="Wait Until Element Is Visible" library="AppiumLibrary">
<arg>${password_input_loginPage}</arg>
<doc>Waits until element specified with `locator` is visible.</doc>
<msg timestamp="20240111 21:22:52.666" level="INFO">xpath criteria: //android.widget.EditText[@resource-id="com.example.myapplication:id/password"]</msg>
<status status="PASS" starttime="20240111 21:22:52.596" endtime="20240111 21:22:52.666"/>
</kw>
<kw name="Wait Until Element Is Visible" library="AppiumLibrary">
<arg>${signIn_button_loginPage}</arg>
<doc>Waits until element specified with `locator` is visible.</doc>
<msg timestamp="20240111 21:22:52.739" level="INFO">xpath criteria: //android.widget.Button[@resource-id="com.example.myapplication:id/signIn"]</msg>
<status status="PASS" starttime="20240111 21:22:52.666" endtime="20240111 21:22:52.739"/>
</kw>
<status status="PASS" starttime="20240111 21:22:51.859" endtime="20240111 21:22:52.739"/>
</kw>
<kw name="Input User Email On Login Page" library="loginPage">
<arg>${email}</arg>
<kw name="Input Text" library="AppiumLibrary">
<arg>${email_input_loginPage}</arg>
<arg>${email}</arg>
<doc>Types the given `text` into text field identified by `locator`.</doc>
<msg timestamp="20240111 21:22:52.750" level="INFO">Typing text 'support@ngendigital.com' into text field '//android.widget.EditText[@resource-id="com.example.myapplication:id/username"]'</msg>
<msg timestamp="20240111 21:22:52.833" level="INFO">xpath criteria: //android.widget.EditText[@resource-id="com.example.myapplication:id/username"]</msg>
<status status="PASS" starttime="20240111 21:22:52.740" endtime="20240111 21:22:52.833"/>
</kw>
<status status="PASS" starttime="20240111 21:22:52.739" endtime="20240111 21:22:52.833"/>
</kw>
<kw name="Input User Password On Login Page" library="loginPage">
<arg>${password}</arg>
<kw name="Input Text" library="AppiumLibrary">
<arg>${password_input_loginPage}</arg>
<arg>${password}</arg>
<doc>Types the given `text` into text field identified by `locator`.</doc>
<msg timestamp="20240111 21:22:52.841" level="INFO">Typing text 'abc123' into text field '//android.widget.EditText[@resource-id="com.example.myapplication:id/password"]'</msg>
<msg timestamp="20240111 21:22:53.392" level="INFO">xpath criteria: //android.widget.EditText[@resource-id="com.example.myapplication:id/password"]</msg>
<status status="PASS" starttime="20240111 21:22:52.835" endtime="20240111 21:22:53.392"/>
</kw>
<status status="PASS" starttime="20240111 21:22:52.833" endtime="20240111 21:22:53.392"/>
</kw>
<kw name="Click Sign In Button On Login Page" library="loginPage">
<kw name="Click Element" library="AppiumLibrary">
<arg>${signIn_button_loginPage}</arg>
<doc>Click element identified by `locator`.</doc>
<msg timestamp="20240111 21:22:53.399" level="INFO">Clicking element '//android.widget.Button[@resource-id="com.example.myapplication:id/signIn"]'.</msg>
<msg timestamp="20240111 21:22:54.003" level="INFO">xpath criteria: //android.widget.Button[@resource-id="com.example.myapplication:id/signIn"]</msg>
<status status="PASS" starttime="20240111 21:22:53.393" endtime="20240111 21:22:54.003"/>
</kw>
<status status="PASS" starttime="20240111 21:22:53.393" endtime="20240111 21:22:54.003"/>
</kw>
<status status="PASS" starttime="20240111 21:22:50.685" endtime="20240111 21:22:54.003"/>
</kw>
<status status="PASS" starttime="20240111 21:22:43.936" endtime="20240111 21:22:54.003"/>
</kw>
<kw name="Book Flight Page" library="homePage">
<kw name="Wait Until Element Is Visible" library="AppiumLibrary">
<arg>${book_button_bookPage}</arg>
<doc>Waits until element specified with `locator` is visible.</doc>
<msg timestamp="20240111 21:22:54.728" level="INFO">xpath criteria: //android.widget.Button[@resource-id="com.example.myapplication:id/book"]
xpath criteria: //android.widget.Button[@resource-id="com.example.myapplication:id/book"]</msg>
<status status="PASS" starttime="20240111 21:22:54.012" endtime="20240111 21:22:54.728"/>
</kw>
<kw name="Click Element" library="AppiumLibrary">
<arg>${book_button_bookPage}</arg>
<doc>Click element identified by `locator`.</doc>
<msg timestamp="20240111 21:22:54.731" level="INFO">Clicking element '//android.widget.Button[@resource-id="com.example.myapplication:id/book"]'.</msg>
<msg timestamp="20240111 21:22:54.832" level="INFO">xpath criteria: //android.widget.Button[@resource-id="com.example.myapplication:id/book"]</msg>
<status status="PASS" starttime="20240111 21:22:54.728" endtime="20240111 21:22:54.832"/>
</kw>
<kw name="Wait Until Element Is Visible" library="AppiumLibrary">
<arg>${tab_oneway_bookPage}</arg>
<doc>Waits until element specified with `locator` is visible.</doc>
<msg timestamp="20240111 21:22:55.793" level="INFO">xpath criteria: //android.support.v7.app.ActionBar.Tab[@content-desc="One Way"]
xpath criteria: //android.support.v7.app.ActionBar.Tab[@content-desc="One Way"]</msg>
<status status="PASS" starttime="20240111 21:22:54.833" endtime="20240111 21:22:55.793"/>
</kw>
<kw name="Wait Until Element Is Visible" library="AppiumLibrary">
<arg>${tab_roundtrip_bookPage}</arg>
<doc>Waits until element specified with `locator` is visible.</doc>
<msg timestamp="20240111 21:22:55.883" level="INFO">xpath criteria: //android.support.v7.app.ActionBar.Tab[@content-desc="Round Trip"]</msg>
<status status="PASS" starttime="20240111 21:22:55.793" endtime="20240111 21:22:55.883"/>
</kw>
<status status="PASS" starttime="20240111 21:22:54.012" endtime="20240111 21:22:55.883"/>
</kw>
<kw name="Choose One Way Trip Positive" library="bookPage">
<kw name="Click Element" library="AppiumLibrary">
<arg>${tab_oneway_bookPage}</arg>
<doc>Click element identified by `locator`.</doc>
<msg timestamp="20240111 21:22:55.890" level="INFO">Clicking element '//android.support.v7.app.ActionBar.Tab[@content-desc="One Way"]'.</msg>
<msg timestamp="20240111 21:22:56.042" level="INFO">xpath criteria: //android.support.v7.app.ActionBar.Tab[@content-desc="One Way"]</msg>
<status status="PASS" starttime="20240111 21:22:55.883" endtime="20240111 21:22:56.043"/>
</kw>
<kw name="Click Element" library="AppiumLibrary">
<arg>${list_from_city}</arg>
<doc>Click element identified by `locator`.</doc>
<msg timestamp="20240111 21:22:56.050" level="INFO">Clicking element '//android.widget.Spinner[@resource-id="com.example.myapplication:id/spinnerFrom"]'.</msg>
<msg timestamp="20240111 21:22:56.663" level="INFO">xpath criteria: //android.widget.Spinner[@resource-id="com.example.myapplication:id/spinnerFrom"]</msg>
<status status="PASS" starttime="20240111 21:22:56.043" endtime="20240111 21:22:56.663"/>
</kw>
<kw name="Wait Until Element Is Visible" library="AppiumLibrary">
<arg>${from_city_toronto}</arg>
<doc>Waits until element specified with `locator` is visible.</doc>
<msg timestamp="20240111 21:22:57.552" level="INFO">xpath criteria: //android.widget.TextView[@text="Toronto"]</msg>
<status status="PASS" starttime="20240111 21:22:56.663" endtime="20240111 21:22:57.552"/>
</kw>
<kw name="Click Element" library="AppiumLibrary">
<arg>${from_city_toronto}</arg>
<doc>Click element identified by `locator`.</doc>
<msg timestamp="20240111 21:22:57.560" level="INFO">Clicking element '//android.widget.TextView[@text="Toronto"]'.</msg>
<msg timestamp="20240111 21:22:58.315" level="INFO">xpath criteria: //android.widget.TextView[@text="Toronto"]</msg>
<status status="PASS" starttime="20240111 21:22:57.553" endtime="20240111 21:22:58.315"/>
</kw>
<kw name="Click Element" library="AppiumLibrary">
<arg>${list_to_city}</arg>
<doc>Click element identified by `locator`.</doc>
<msg timestamp="20240111 21:22:58.323" level="INFO">Clicking element '//android.widget.Spinner[@resource-id="com.example.myapplication:id/spinnerTo"]'.</msg>
<msg timestamp="20240111 21:22:58.443" level="INFO">xpath criteria: //android.widget.Spinner[@resource-id="com.example.myapplication:id/spinnerTo"]</msg>
<status status="PASS" starttime="20240111 21:22:58.315" endtime="20240111 21:22:58.444"/>
</kw>
<kw name="Wait Until Element Is Visible" library="AppiumLibrary">
<arg>${to_city_ottawa}</arg>
<doc>Waits until element specified with `locator` is visible.</doc>
<msg timestamp="20240111 21:22:59.395" level="INFO">xpath criteria: //android.widget.TextView[@text="Ottawa"]
xpath criteria: //android.widget.TextView[@text="Ottawa"]</msg>
<status status="PASS" starttime="20240111 21:22:58.444" endtime="20240111 21:22:59.395"/>
</kw>
<kw name="Click Element" library="AppiumLibrary">
<arg>${to_city_ottawa}</arg>
<doc>Click element identified by `locator`.</doc>
<msg timestamp="20240111 21:22:59.415" level="INFO">Clicking element '//android.widget.TextView[@text="Ottawa"]'.</msg>
<msg timestamp="20240111 21:23:00.250" level="INFO">xpath criteria: //android.widget.TextView[@text="Ottawa"]</msg>
<status status="PASS" starttime="20240111 21:22:59.395" endtime="20240111 21:23:00.250"/>
</kw>
<kw name="Click Element" library="AppiumLibrary">
<arg>${list_class}</arg>
<doc>Click element identified by `locator`.</doc>
<msg timestamp="20240111 21:23:00.254" level="INFO">Clicking element '//android.widget.Spinner[@resource-id="com.example.myapplication:id/spinnerClass"]'.</msg>
<msg timestamp="20240111 21:23:00.397" level="INFO">xpath criteria: //android.widget.Spinner[@resource-id="com.example.myapplication:id/spinnerClass"]</msg>
<status status="PASS" starttime="20240111 21:23:00.250" endtime="20240111 21:23:00.397"/>
</kw>
<kw name="Wait Until Element Is Visible" library="AppiumLibrary">
<arg>${class_first}</arg>
<doc>Waits until element specified with `locator` is visible.</doc>
<msg timestamp="20240111 21:23:01.343" level="INFO">xpath criteria: //android.widget.TextView[@text="First"]
xpath criteria: //android.widget.TextView[@text="First"]</msg>
<status status="PASS" starttime="20240111 21:23:00.397" endtime="20240111 21:23:01.344"/>
</kw>
<kw name="Click Element" library="AppiumLibrary">
<arg>${class_first}</arg>
<doc>Click element identified by `locator`.</doc>
<msg timestamp="20240111 21:23:01.348" level="INFO">Clicking element '//android.widget.TextView[@text="First"]'.</msg>
<msg timestamp="20240111 21:23:02.065" level="INFO">xpath criteria: //android.widget.TextView[@text="First"]</msg>
<status status="PASS" starttime="20240111 21:23:01.344" endtime="20240111 21:23:02.065"/>
</kw>
<kw name="Choose Holiday Start Date 7 Agustus 2024" library="bookPage">
<kw name="Click Element" library="AppiumLibrary">
<arg>${start_date}</arg>
<doc>Click element identified by `locator`.</doc>
<msg timestamp="20240111 21:23:02.072" level="INFO">Clicking element '//android.widget.TextView[@resource-id="com.example.myapplication:id/textStartDate"]'.</msg>
<msg timestamp="20240111 21:23:02.174" level="INFO">xpath criteria: //android.widget.TextView[@resource-id="com.example.myapplication:id/textStartDate"]</msg>
<status status="PASS" starttime="20240111 21:23:02.065" endtime="20240111 21:23:02.174"/>
</kw>
<kw name="Wait Until Element Is Visible" library="AppiumLibrary">
<arg>${kalender}</arg>
<doc>Waits until element specified with `locator` is visible.</doc>
<msg timestamp="20240111 21:23:02.936" level="INFO">xpath criteria: //android.view.View[@resource-id="android:id/month_view"]
xpath criteria: //android.view.View[@resource-id="android:id/month_view"]</msg>
<status status="PASS" starttime="20240111 21:23:02.174" endtime="20240111 21:23:02.936"/>
</kw>
<kw name="Click Element" library="AppiumLibrary">
<arg>${field_year}</arg>
<doc>Click element identified by `locator`.</doc>
<msg timestamp="20240111 21:23:02.944" level="INFO">Clicking element '//android.widget.TextView[@resource-id="android:id/date_picker_header_year"]'.</msg>
<msg timestamp="20240111 21:23:03.078" level="INFO">xpath criteria: //android.widget.TextView[@resource-id="android:id/date_picker_header_year"]</msg>
<status status="PASS" starttime="20240111 21:23:02.936" endtime="20240111 21:23:03.080"/>
</kw>
<kw name="Wait Until Element Is Visible" library="AppiumLibrary">
<arg>${year_2024}</arg>
<doc>Waits until element specified with `locator` is visible.</doc>
<msg timestamp="20240111 21:23:04.173" level="INFO">xpath criteria: //android.widget.TextView[@resource-id="android:id/text1" and @text="2024"]</msg>
<status status="PASS" starttime="20240111 21:23:03.080" endtime="20240111 21:23:04.173"/>
</kw>
<kw name="Click Element" library="AppiumLibrary">
<arg>${year_2024}</arg>
<doc>Click element identified by `locator`.</doc>
<msg timestamp="20240111 21:23:04.180" level="INFO">Clicking element '//android.widget.TextView[@resource-id="android:id/text1" and @text="2024"]'.</msg>
<msg timestamp="20240111 21:23:04.974" level="INFO">xpath criteria: //android.widget.TextView[@resource-id="android:id/text1" and @text="2024"]</msg>
<status status="PASS" starttime="20240111 21:23:04.173" endtime="20240111 21:23:04.974"/>
</kw>
<kw name="Wait Until Element Is Visible" library="AppiumLibrary">
<arg>${kalender}</arg>
<doc>Waits until element specified with `locator` is visible.</doc>
<msg timestamp="20240111 21:23:05.120" level="INFO">xpath criteria: //android.view.View[@resource-id="android:id/month_view"]</msg>
<status status="PASS" starttime="20240111 21:23:04.975" endtime="20240111 21:23:05.120"/>
</kw>
<kw name="Click Element" library="AppiumLibrary">
<arg>${7_agustus}</arg>
<doc>Click element identified by `locator`.</doc>
<msg timestamp="20240111 21:23:05.124" level="INFO">Clicking element '//android.view.View[@content-desc="07 August 2024"]'.</msg>
<msg timestamp="20240111 21:23:05.886" level="INFO">xpath criteria: //android.view.View[@content-desc="07 August 2024"]</msg>
<status status="PASS" starttime="20240111 21:23:05.120" endtime="20240111 21:23:05.886"/>
</kw>
<kw name="Click Element" library="AppiumLibrary">
<arg>${ok_button_calender}</arg>
<doc>Click element identified by `locator`.</doc>
<msg timestamp="20240111 21:23:05.893" level="INFO">Clicking element '//android.widget.Button[@resource-id="android:id/button1"]'.</msg>
<msg timestamp="20240111 21:23:06.041" level="INFO">xpath criteria: //android.widget.Button[@resource-id="android:id/button1"]</msg>
<status status="PASS" starttime="20240111 21:23:05.886" endtime="20240111 21:23:06.041"/>
</kw>
<status status="PASS" starttime="20240111 21:23:02.065" endtime="20240111 21:23:06.042"/>
</kw>
<kw name="Choose Holiday End Date 20 Agustus 2024" library="bookPage">
<kw name="Click Element" library="AppiumLibrary">
<arg>${end_date}</arg>
<doc>Click element identified by `locator`.</doc>
<msg timestamp="20240111 21:23:06.055" level="INFO">Clicking element '//android.widget.TextView[@resource-id="com.example.myapplication:id/textEndDate"]'.</msg>
<msg timestamp="20240111 21:23:06.675" level="INFO">xpath criteria: //android.widget.TextView[@resource-id="com.example.myapplication:id/textEndDate"]</msg>
<status status="PASS" starttime="20240111 21:23:06.042" endtime="20240111 21:23:06.675"/>
</kw>
<kw name="Wait Until Element Is Visible" library="AppiumLibrary">
<arg>${kalender}</arg>
<doc>Waits until element specified with `locator` is visible.</doc>
<msg timestamp="20240111 21:23:07.253" level="INFO">xpath criteria: //android.view.View[@resource-id="android:id/month_view"]</msg>
<status status="PASS" starttime="20240111 21:23:06.675" endtime="20240111 21:23:07.253"/>
</kw>
<kw name="Click Element" library="AppiumLibrary">
<arg>${field_year}</arg>
<doc>Click element identified by `locator`.</doc>
<msg timestamp="20240111 21:23:07.260" level="INFO">Clicking element '//android.widget.TextView[@resource-id="android:id/date_picker_header_year"]'.</msg>
<msg timestamp="20240111 21:23:07.395" level="INFO">xpath criteria: //android.widget.TextView[@resource-id="android:id/date_picker_header_year"]</msg>
<status status="PASS" starttime="20240111 21:23:07.253" endtime="20240111 21:23:07.396"/>
</kw>
<kw name="Wait Until Element Is Visible" library="AppiumLibrary">
<arg>${year_2024}</arg>
<doc>Waits until element specified with `locator` is visible.</doc>
<msg timestamp="20240111 21:23:08.099" level="INFO">xpath criteria: //android.widget.TextView[@resource-id="android:id/text1" and @text="2024"]</msg>
<status status="PASS" starttime="20240111 21:23:07.396" endtime="20240111 21:23:08.100"/>
</kw>
<kw name="Click Element" library="AppiumLibrary">
<arg>${year_2024}</arg>
<doc>Click element identified by `locator`.</doc>
<msg timestamp="20240111 21:23:08.104" level="INFO">Clicking element '//android.widget.TextView[@resource-id="android:id/text1" and @text="2024"]'.</msg>
<msg timestamp="20240111 21:23:08.768" level="INFO">xpath criteria: //android.widget.TextView[@resource-id="android:id/text1" and @text="2024"]</msg>
<status status="PASS" starttime="20240111 21:23:08.100" endtime="20240111 21:23:08.768"/>
</kw>
<kw name="Wait Until Element Is Visible" library="AppiumLibrary">
<arg>${kalender}</arg>
<doc>Waits until element specified with `locator` is visible.</doc>
<msg timestamp="20240111 21:23:08.887" level="INFO">xpath criteria: //android.view.View[@resource-id="android:id/month_view"]</msg>
<status status="PASS" starttime="20240111 21:23:08.768" endtime="20240111 21:23:08.888"/>
</kw>
<kw name="Click Element" library="AppiumLibrary">
<arg>${20_agustus}</arg>
<doc>Click element identified by `locator`.</doc>
<msg timestamp="20240111 21:23:08.894" level="INFO">Clicking element '//android.view.View[@content-desc="20 August 2024"]'.</msg>
<msg timestamp="20240111 21:23:09.613" level="INFO">xpath criteria: //android.view.View[@content-desc="20 August 2024"]</msg>
<status status="PASS" starttime="20240111 21:23:08.888" endtime="20240111 21:23:09.613"/>
</kw>
<kw name="Click Element" library="AppiumLibrary">
<arg>${ok_button_calender}</arg>
<doc>Click element identified by `locator`.</doc>
<msg timestamp="20240111 21:23:09.623" level="INFO">Clicking element '//android.widget.Button[@resource-id="android:id/button1"]'.</msg>
<msg timestamp="20240111 21:23:09.760" level="INFO">xpath criteria: //android.widget.Button[@resource-id="android:id/button1"]</msg>
<status status="PASS" starttime="20240111 21:23:09.614" endtime="20240111 21:23:09.760"/>
</kw>
<status status="PASS" starttime="20240111 21:23:06.042" endtime="20240111 21:23:09.761"/>
</kw>
<kw name="Click Element" library="AppiumLibrary">
<arg>${radioBtn_Ctgflight}</arg>
<doc>Click element identified by `locator`.</doc>
<msg timestamp="20240111 21:23:09.766" level="INFO">Clicking element '//android.widget.RadioButton[@resource-id="com.example.myapplication:id/radioButtonFlight"]'.</msg>
<msg timestamp="20240111 21:23:10.397" level="INFO">xpath criteria: //android.widget.RadioButton[@resource-id="com.example.myapplication:id/radioButtonFlight"]</msg>
<status status="PASS" starttime="20240111 21:23:09.762" endtime="20240111 21:23:10.397"/>
</kw>
<kw name="Click Book" library="bookPage">
<kw name="Click Element" library="AppiumLibrary">
<arg>${book_flight_button}</arg>
<doc>Click element identified by `locator`.</doc>
<msg timestamp="20240111 21:23:10.402" level="INFO">Clicking element '//android.widget.Button[@resource-id="com.example.myapplication:id/book_flight"]'.</msg>
<msg timestamp="20240111 21:23:11.075" level="INFO">xpath criteria: //android.widget.Button[@resource-id="com.example.myapplication:id/book_flight"]</msg>
<status status="PASS" starttime="20240111 21:23:10.398" endtime="20240111 21:23:11.076"/>
</kw>
<status status="PASS" starttime="20240111 21:23:10.397" endtime="20240111 21:23:11.076"/>
</kw>
<status status="PASS" starttime="20240111 21:22:55.883" endtime="20240111 21:23:11.076"/>
</kw>
<kw name="Choose Price One Way" library="bookPage">
<kw name="Wait Until Element Is Visible" library="AppiumLibrary">
<arg>${price_page}</arg>
<doc>Waits until element specified with `locator` is visible.</doc>
<msg timestamp="20240111 21:23:11.809" level="INFO">xpath criteria: //android.widget.TextView[@resource-id="com.example.myapplication:id/textView6"]
xpath criteria: //android.widget.TextView[@resource-id="com.example.myapplication:id/textView6"]</msg>
<status status="PASS" starttime="20240111 21:23:11.076" endtime="20240111 21:23:11.809"/>
</kw>
<kw name="Click Element" library="AppiumLibrary">
<arg>${harga_tiket}</arg>
<doc>Click element identified by `locator`.</doc>
<msg timestamp="20240111 21:23:11.817" level="INFO">Clicking element '//android.widget.Button[@resource-id="com.example.myapplication:id/price1"]'.</msg>
<msg timestamp="20240111 21:23:11.911" level="INFO">xpath criteria: //android.widget.Button[@resource-id="com.example.myapplication:id/price1"]</msg>
<status status="PASS" starttime="20240111 21:23:11.810" endtime="20240111 21:23:11.912"/>
</kw>
<kw name="Click Element" library="AppiumLibrary">
<arg>${btn_cnfrmPrice}</arg>
<doc>Click element identified by `locator`.</doc>
<msg timestamp="20240111 21:23:11.917" level="INFO">Clicking element '//android.widget.Button[@resource-id="com.example.myapplication:id/confirm_order"]'.</msg>
<msg timestamp="20240111 21:23:12.606" level="INFO">xpath criteria: //android.widget.Button[@resource-id="com.example.myapplication:id/confirm_order"]</msg>
<status status="PASS" starttime="20240111 21:23:11.912" endtime="20240111 21:23:12.606"/>
</kw>
<status status="PASS" starttime="20240111 21:23:11.076" endtime="20240111 21:23:12.606"/>
</kw>
<kw name="Verify Book Success" library="bookPage">
<kw name="Wait Until Element Is Visible" library="AppiumLibrary">
<arg>${scs_book_text}</arg>
<doc>Waits until element specified with `locator` is visible.</doc>
<msg timestamp="20240111 21:23:13.269" level="INFO">xpath criteria: //android.widget.CheckedTextView[@resource-id="com.example.myapplication:id/checkedTextView"]
xpath criteria: //android.widget.CheckedTextView[@resource-id="com.example.myapplication:id/checkedTextView"]</msg>
<status status="PASS" starttime="20240111 21:23:12.606" endtime="20240111 21:23:13.269"/>
</kw>
<kw name="Element Should Contain Text" library="AppiumLibrary">
<arg>${scs_book_text}</arg>
<arg>${scs_book_label}</arg>
<doc>Verifies element identified by ``locator`` contains text ``expected``.</doc>
<msg timestamp="20240111 21:23:13.280" level="INFO">Verifying element '//android.widget.CheckedTextView[@resource-id="com.example.myapplication:id/checkedTextView"]' contains text 'Your flight is booked. Reservation number is CADX2214'.</msg>
<msg timestamp="20240111 21:23:13.325" level="INFO">xpath criteria: //android.widget.CheckedTextView[@resource-id="com.example.myapplication:id/checkedTextView"]</msg>
<status status="PASS" starttime="20240111 21:23:13.270" endtime="20240111 21:23:13.325"/>
</kw>
<status status="PASS" starttime="20240111 21:23:12.606" endtime="20240111 21:23:13.325"/>
</kw>
<kw name="Close Flight Application" library="base" type="TEARDOWN">
<kw name="Close Application" library="AppiumLibrary">
<doc>Closes the current application and also close webdriver session.</doc>
<status status="PASS" starttime="20240111 21:23:13.326" endtime="20240111 21:23:13.728"/>
</kw>
<status status="PASS" starttime="20240111 21:23:13.326" endtime="20240111 21:23:13.729"/>
</kw>
<status status="PASS" starttime="20240111 21:22:43.935" endtime="20240111 21:23:13.729"/>
</test>
<test id="s1-t2" name="User Booking Round Trip Positive Case" line="26">
<kw name="Run Keywords" library="BuiltIn" type="SETUP">
<arg>Open Flight Application</arg>
<arg>Login with valid credentials</arg>
<doc>Executes all the given keywords in a sequence.</doc>
<kw name="Open Flight Application" library="base">
<kw name="Open Application" library="AppiumLibrary">
<arg>remote_url=${REMOTE_URL}</arg>
<arg>platformName=${PLATFORM_NAME}</arg>
<arg>platformVersion=${PLATFORM_VERSION}</arg>
<arg>deviceName=${DEVICE_NAME}</arg>
<arg>appPackage=${APP_PACKAGE}</arg>
<arg>appActivity=${APP_ACTIVITY}</arg>
<doc>Opens a new application to given Appium server.
Capabilities of appium server, Android and iOS,
Please check https://github.com/appium/appium/blob/master/docs/en/writing-running-appium/server-args.md
| *Option*            | *Man.* | *Description*     |
| remote_url          | Yes    | Appium server url |
| alias               | no     | alias             |
| strict_ssl          | No     | allows you to send commands to an invalid certificate host like a self-signed one. |</doc>
<status status="PASS" starttime="20240111 21:23:13.731" endtime="20240111 21:23:20.414"/>
</kw>
<status status="PASS" starttime="20240111 21:23:13.731" endtime="20240111 21:23:20.416"/>
</kw>
<kw name="Login With Valid Credentials" library="loginPage">
<kw name="Verify Home Page appears" library="homePage">
<kw name="Wait Until Element Is Visible" library="AppiumLibrary">
<arg>${logo_homePage}</arg>
<doc>Waits until element specified with `locator` is visible.</doc>
<msg timestamp="20240111 21:23:21.347" level="INFO">xpath criteria: //android.widget.ImageView[@resource-id="com.example.myapplication:id/imageView4"]</msg>
<status status="PASS" starttime="20240111 21:23:20.419" endtime="20240111 21:23:21.348"/>
</kw>
<status status="PASS" starttime="20240111 21:23:20.419" endtime="20240111 21:23:21.348"/>
</kw>
<kw name="Click Sign In Button on Home Page" library="homePage">
<kw name="Wait Until Element Is Visible" library="AppiumLibrary">
<arg>${signIn_button_homePage}</arg>
<doc>Waits until element specified with `locator` is visible.</doc>
<msg timestamp="20240111 21:23:21.432" level="INFO">xpath criteria: //android.widget.Button[@resource-id="com.example.myapplication:id/login"]</msg>
<status status="PASS" starttime="20240111 21:23:21.348" endtime="20240111 21:23:21.432"/>
</kw>
<kw name="Click Element" library="AppiumLibrary">
<arg>${signIn_button_homePage}</arg>
<doc>Click element identified by `locator`.</doc>
<msg timestamp="20240111 21:23:21.436" level="INFO">Clicking element '//android.widget.Button[@resource-id="com.example.myapplication:id/login"]'.</msg>
<msg timestamp="20240111 21:23:21.547" level="INFO">xpath criteria: //android.widget.Button[@resource-id="com.example.myapplication:id/login"]</msg>
<status status="PASS" starttime="20240111 21:23:21.432" endtime="20240111 21:23:21.548"/>
</kw>
<status status="PASS" starttime="20240111 21:23:21.348" endtime="20240111 21:23:21.553"/>
</kw>
<kw name="Verify Login Appears" library="loginPage">
<kw name="Wait Until Element Is Visible" library="AppiumLibrary">
<arg>${email_input_loginPage}</arg>
<doc>Waits until element specified with `locator` is visible.</doc>
<msg timestamp="20240111 21:23:22.311" level="INFO">xpath criteria: //android.widget.EditText[@resource-id="com.example.myapplication:id/username"]
xpath criteria: //android.widget.EditText[@resource-id="com.example.myapplication:id/username"]</msg>
<status status="PASS" starttime="20240111 21:23:21.555" endtime="20240111 21:23:22.311"/>
</kw>
<kw name="Wait Until Element Is Visible" library="AppiumLibrary">
<arg>${password_input_loginPage}</arg>
<doc>Waits until element specified with `locator` is visible.</doc>
<msg timestamp="20240111 21:23:22.377" level="INFO">xpath criteria: //android.widget.EditText[@resource-id="com.example.myapplication:id/password"]</msg>
<status status="PASS" starttime="20240111 21:23:22.311" endtime="20240111 21:23:22.377"/>
</kw>
<kw name="Wait Until Element Is Visible" library="AppiumLibrary">
<arg>${signIn_button_loginPage}</arg>
<doc>Waits until element specified with `locator` is visible.</doc>
<msg timestamp="20240111 21:23:22.436" level="INFO">xpath criteria: //android.widget.Button[@resource-id="com.example.myapplication:id/signIn"]</msg>
<status status="PASS" starttime="20240111 21:23:22.377" endtime="20240111 21:23:22.436"/>
</kw>
<status status="PASS" starttime="20240111 21:23:21.553" endtime="20240111 21:23:22.436"/>
</kw>
<kw name="Input User Email On Login Page" library="loginPage">
<arg>${email}</arg>
<kw name="Input Text" library="AppiumLibrary">
<arg>${email_input_loginPage}</arg>
<arg>${email}</arg>
<doc>Types the given `text` into text field identified by `locator`.</doc>
<msg timestamp="20240111 21:23:22.442" level="INFO">Typing text 'support@ngendigital.com' into text field '//android.widget.EditText[@resource-id="com.example.myapplication:id/username"]'</msg>
<msg timestamp="20240111 21:23:22.519" level="INFO">xpath criteria: //android.widget.EditText[@resource-id="com.example.myapplication:id/username"]</msg>
<status status="PASS" starttime="20240111 21:23:22.437" endtime="20240111 21:23:22.519"/>
</kw>
<status status="PASS" starttime="20240111 21:23:22.436" endtime="20240111 21:23:22.519"/>
</kw>
<kw name="Input User Password On Login Page" library="loginPage">
<arg>${password}</arg>
<kw name="Input Text" library="AppiumLibrary">
<arg>${password_input_loginPage}</arg>
<arg>${password}</arg>
<doc>Types the given `text` into text field identified by `locator`.</doc>
<msg timestamp="20240111 21:23:22.524" level="INFO">Typing text 'abc123' into text field '//android.widget.EditText[@resource-id="com.example.myapplication:id/password"]'</msg>
<msg timestamp="20240111 21:23:23.083" level="INFO">xpath criteria: //android.widget.EditText[@resource-id="com.example.myapplication:id/password"]</msg>
<status status="PASS" starttime="20240111 21:23:22.519" endtime="20240111 21:23:23.083"/>
</kw>
<status status="PASS" starttime="20240111 21:23:22.519" endtime="20240111 21:23:23.083"/>
</kw>
<kw name="Click Sign In Button On Login Page" library="loginPage">
<kw name="Click Element" library="AppiumLibrary">
<arg>${signIn_button_loginPage}</arg>
<doc>Click element identified by `locator`.</doc>
<msg timestamp="20240111 21:23:23.089" level="INFO">Clicking element '//android.widget.Button[@resource-id="com.example.myapplication:id/signIn"]'.</msg>
<msg timestamp="20240111 21:23:23.681" level="INFO">xpath criteria: //android.widget.Button[@resource-id="com.example.myapplication:id/signIn"]</msg>
<status status="PASS" starttime="20240111 21:23:23.084" endtime="20240111 21:23:23.681"/>
</kw>
<status status="PASS" starttime="20240111 21:23:23.083" endtime="20240111 21:23:23.681"/>
</kw>
<status status="PASS" starttime="20240111 21:23:20.418" endtime="20240111 21:23:23.681"/>
</kw>
<status status="PASS" starttime="20240111 21:23:13.730" endtime="20240111 21:23:23.681"/>
</kw>
<kw name="Book Flight Page" library="homePage">
<kw name="Wait Until Element Is Visible" library="AppiumLibrary">
<arg>${book_button_bookPage}</arg>
<doc>Waits until element specified with `locator` is visible.</doc>
<msg timestamp="20240111 21:23:24.412" level="INFO">xpath criteria: //android.widget.Button[@resource-id="com.example.myapplication:id/book"]
xpath criteria: //android.widget.Button[@resource-id="com.example.myapplication:id/book"]</msg>
<status status="PASS" starttime="20240111 21:23:23.687" endtime="20240111 21:23:24.412"/>
</kw>
<kw name="Click Element" library="AppiumLibrary">
<arg>${book_button_bookPage}</arg>
<doc>Click element identified by `locator`.</doc>
<msg timestamp="20240111 21:23:24.418" level="INFO">Clicking element '//android.widget.Button[@resource-id="com.example.myapplication:id/book"]'.</msg>
<msg timestamp="20240111 21:23:24.510" level="INFO">xpath criteria: //android.widget.Button[@resource-id="com.example.myapplication:id/book"]</msg>
<status status="PASS" starttime="20240111 21:23:24.412" endtime="20240111 21:23:24.510"/>
</kw>
<kw name="Wait Until Element Is Visible" library="AppiumLibrary">
<arg>${tab_oneway_bookPage}</arg>
<doc>Waits until element specified with `locator` is visible.</doc>
<msg timestamp="20240111 21:23:26.262" level="INFO">xpath criteria: //android.support.v7.app.ActionBar.Tab[@content-desc="One Way"]
xpath criteria: //android.support.v7.app.ActionBar.Tab[@content-desc="One Way"]</msg>
<status status="PASS" starttime="20240111 21:23:24.510" endtime="20240111 21:23:26.262"/>
</kw>
<kw name="Wait Until Element Is Visible" library="AppiumLibrary">
<arg>${tab_roundtrip_bookPage}</arg>
<doc>Waits until element specified with `locator` is visible.</doc>
<msg timestamp="20240111 21:23:26.345" level="INFO">xpath criteria: //android.support.v7.app.ActionBar.Tab[@content-desc="Round Trip"]</msg>
<status status="PASS" starttime="20240111 21:23:26.262" endtime="20240111 21:23:26.345"/>
</kw>
<status status="PASS" starttime="20240111 21:23:23.685" endtime="20240111 21:23:26.345"/>
</kw>
<kw name="Choose Round Trip Positive" library="bookPage">
<kw name="Click Element" library="AppiumLibrary">
<arg>${tab_roundtrip_bookPage}</arg>
<doc>Click element identified by `locator`.</doc>
<msg timestamp="20240111 21:23:26.351" level="INFO">Clicking element '//android.support.v7.app.ActionBar.Tab[@content-desc="Round Trip"]'.</msg>
<msg timestamp="20240111 21:23:26.462" level="INFO">xpath criteria: //android.support.v7.app.ActionBar.Tab[@content-desc="Round Trip"]</msg>
<status status="PASS" starttime="20240111 21:23:26.346" endtime="20240111 21:23:26.463"/>
</kw>
<kw name="Click Element" library="AppiumLibrary">
<arg>${list_from_city}</arg>
<doc>Click element identified by `locator`.</doc>
<msg timestamp="20240111 21:23:26.469" level="INFO">Clicking element '//android.widget.Spinner[@resource-id="com.example.myapplication:id/spinnerFrom"]'.</msg>
<msg timestamp="20240111 21:23:27.079" level="INFO">xpath criteria: //android.widget.Spinner[@resource-id="com.example.myapplication:id/spinnerFrom"]</msg>
<status status="PASS" starttime="20240111 21:23:26.463" endtime="20240111 21:23:27.079"/>
</kw>
<kw name="Wait Until Element Is Visible" library="AppiumLibrary">
<arg>${from_city_chicago}</arg>
<doc>Waits until element specified with `locator` is visible.</doc>
<msg timestamp="20240111 21:23:28.040" level="INFO">xpath criteria: //android.widget.TextView[@text="Chicago"]
xpath criteria: //android.widget.TextView[@text="Chicago"]</msg>
<status status="PASS" starttime="20240111 21:23:27.079" endtime="20240111 21:23:28.040"/>
</kw>
<kw name="Click Element" library="AppiumLibrary">
<arg>${from_city_chicago}</arg>
<doc>Click element identified by `locator`.</doc>
<msg timestamp="20240111 21:23:28.045" level="INFO">Clicking element '//android.widget.TextView[@text="Chicago"]'.</msg>
<msg timestamp="20240111 21:23:28.763" level="INFO">xpath criteria: //android.widget.TextView[@text="Chicago"]</msg>
<status status="PASS" starttime="20240111 21:23:28.040" endtime="20240111 21:23:28.763"/>
</kw>
<kw name="Click Element" library="AppiumLibrary">
<arg>${list_to_city}</arg>
<doc>Click element identified by `locator`.</doc>
<msg timestamp="20240111 21:23:28.770" level="INFO">Clicking element '//android.widget.Spinner[@resource-id="com.example.myapplication:id/spinnerTo"]'.</msg>
<msg timestamp="20240111 21:23:28.891" level="INFO">xpath criteria: //android.widget.Spinner[@resource-id="com.example.myapplication:id/spinnerTo"]</msg>
<status status="PASS" starttime="20240111 21:23:28.764" endtime="20240111 21:23:28.891"/>
</kw>
<kw name="Wait Until Element Is Visible" library="AppiumLibrary">
<arg>${to_city_london}</arg>
<doc>Waits until element specified with `locator` is visible.</doc>
<msg timestamp="20240111 21:23:29.806" level="INFO">xpath criteria: //android.widget.TextView[@text="London"]
xpath criteria: //android.widget.TextView[@text="London"]</msg>
<status status="PASS" starttime="20240111 21:23:28.891" endtime="20240111 21:23:29.806"/>
</kw>
<kw name="Click Element" library="AppiumLibrary">
<arg>${to_city_london}</arg>
<doc>Click element identified by `locator`.</doc>
<msg timestamp="20240111 21:23:29.817" level="INFO">Clicking element '//android.widget.TextView[@text="London"]'.</msg>
<msg timestamp="20240111 21:23:30.525" level="INFO">xpath criteria: //android.widget.TextView[@text="London"]</msg>
<status status="PASS" starttime="20240111 21:23:29.806" endtime="20240111 21:23:30.525"/>
</kw>
<kw name="Click Element" library="AppiumLibrary">
<arg>${list_class}</arg>
<doc>Click element identified by `locator`.</doc>
<msg timestamp="20240111 21:23:30.533" level="INFO">Clicking element '//android.widget.Spinner[@resource-id="com.example.myapplication:id/spinnerClass"]'.</msg>
<msg timestamp="20240111 21:23:30.667" level="INFO">xpath criteria: //android.widget.Spinner[@resource-id="com.example.myapplication:id/spinnerClass"]</msg>
<status status="PASS" starttime="20240111 21:23:30.525" endtime="20240111 21:23:30.667"/>
</kw>
<kw name="Wait Until Element Is Visible" library="AppiumLibrary">
<arg>${class_bussiness}</arg>
<doc>Waits until element specified with `locator` is visible.</doc>
<msg timestamp="20240111 21:23:31.599" level="INFO">xpath criteria: //android.widget.TextView[@text="Business"]
xpath criteria: //android.widget.TextView[@text="Business"]</msg>
<status status="PASS" starttime="20240111 21:23:30.667" endtime="20240111 21:23:31.599"/>
</kw>
<kw name="Click Element" library="AppiumLibrary">
<arg>${class_bussiness}</arg>
<doc>Click element identified by `locator`.</doc>
<msg timestamp="20240111 21:23:31.605" level="INFO">Clicking element '//android.widget.TextView[@text="Business"]'.</msg>
<msg timestamp="20240111 21:23:32.330" level="INFO">xpath criteria: //android.widget.TextView[@text="Business"]</msg>
<status status="PASS" starttime="20240111 21:23:31.599" endtime="20240111 21:23:32.330"/>
</kw>
<kw name="Choose Holiday Start Date 25 Agustus 2024" library="bookPage">
<kw name="Click Element" library="AppiumLibrary">
<arg>${start_date}</arg>
<doc>Click element identified by `locator`.</doc>
<msg timestamp="20240111 21:23:32.334" level="INFO">Clicking element '//android.widget.TextView[@resource-id="com.example.myapplication:id/textStartDate"]'.</msg>
<msg timestamp="20240111 21:23:32.427" level="INFO">xpath criteria: //android.widget.TextView[@resource-id="com.example.myapplication:id/textStartDate"]</msg>
<status status="PASS" starttime="20240111 21:23:32.330" endtime="20240111 21:23:32.427"/>
</kw>
<kw name="Wait Until Element Is Visible" library="AppiumLibrary">
<arg>${kalender}</arg>
<doc>Waits until element specified with `locator` is visible.</doc>
<msg timestamp="20240111 21:23:33.205" level="INFO">xpath criteria: //android.view.View[@resource-id="android:id/month_view"]
xpath criteria: //android.view.View[@resource-id="android:id/month_view"]</msg>
<status status="PASS" starttime="20240111 21:23:32.427" endtime="20240111 21:23:33.205"/>
</kw>
<kw name="Click Element" library="AppiumLibrary">
<arg>${field_year}</arg>
<doc>Click element identified by `locator`.</doc>
<msg timestamp="20240111 21:23:33.212" level="INFO">Clicking element '//android.widget.TextView[@resource-id="android:id/date_picker_header_year"]'.</msg>
<msg timestamp="20240111 21:23:33.361" level="INFO">xpath criteria: //android.widget.TextView[@resource-id="android:id/date_picker_header_year"]</msg>
<status status="PASS" starttime="20240111 21:23:33.205" endtime="20240111 21:23:33.362"/>
</kw>
<kw name="Wait Until Element Is Visible" library="AppiumLibrary">
<arg>${year_2024}</arg>
<doc>Waits until element specified with `locator` is visible.</doc>
<msg timestamp="20240111 21:23:34.160" level="INFO">xpath criteria: //android.widget.TextView[@resource-id="android:id/text1" and @text="2024"]</msg>
<status status="PASS" starttime="20240111 21:23:33.362" endtime="20240111 21:23:34.160"/>
</kw>
<kw name="Click Element" library="AppiumLibrary">
<arg>${year_2024}</arg>
<doc>Click element identified by `locator`.</doc>
<msg timestamp="20240111 21:23:34.164" level="INFO">Clicking element '//android.widget.TextView[@resource-id="android:id/text1" and @text="2024"]'.</msg>
<msg timestamp="20240111 21:23:35.125" level="INFO">xpath criteria: //android.widget.TextView[@resource-id="android:id/text1" and @text="2024"]</msg>
<status status="PASS" starttime="20240111 21:23:34.161" endtime="20240111 21:23:35.125"/>
</kw>
<kw name="Wait Until Element Is Visible" library="AppiumLibrary">
<arg>${kalender}</arg>
<doc>Waits until element specified with `locator` is visible.</doc>
<msg timestamp="20240111 21:23:35.237" level="INFO">xpath criteria: //android.view.View[@resource-id="android:id/month_view"]</msg>
<status status="PASS" starttime="20240111 21:23:35.126" endtime="20240111 21:23:35.238"/>
</kw>
<kw name="Click Element" library="AppiumLibrary">
<arg>${25_agustus}</arg>
<doc>Click element identified by `locator`.</doc>
<msg timestamp="20240111 21:23:35.244" level="INFO">Clicking element '//android.view.View[@content-desc="25 August 2024"]'.</msg>
<msg timestamp="20240111 21:23:35.949" level="INFO">xpath criteria: //android.view.View[@content-desc="25 August 2024"]</msg>
<status status="PASS" starttime="20240111 21:23:35.238" endtime="20240111 21:23:35.949"/>
</kw>
<kw name="Click Element" library="AppiumLibrary">
<arg>${ok_button_calender}</arg>
<doc>Click element identified by `locator`.</doc>
<msg timestamp="20240111 21:23:35.958" level="INFO">Clicking element '//android.widget.Button[@resource-id="android:id/button1"]'.</msg>
<msg timestamp="20240111 21:23:36.110" level="INFO">xpath criteria: //android.widget.Button[@resource-id="android:id/button1"]</msg>
<status status="PASS" starttime="20240111 21:23:35.949" endtime="20240111 21:23:36.110"/>
</kw>
<status status="PASS" starttime="20240111 21:23:32.330" endtime="20240111 21:23:36.110"/>
</kw>
<kw name="Choose Holiday End Date 27 Agustus 2024" library="bookPage">
<kw name="Click Element" library="AppiumLibrary">
<arg>${end_date}</arg>
<doc>Click element identified by `locator`.</doc>
<msg timestamp="20240111 21:23:36.115" level="INFO">Clicking element '//android.widget.TextView[@resource-id="com.example.myapplication:id/textEndDate"]'.</msg>
<msg timestamp="20240111 21:23:36.729" level="INFO">xpath criteria: //android.widget.TextView[@resource-id="com.example.myapplication:id/textEndDate"]</msg>
<status status="PASS" starttime="20240111 21:23:36.111" endtime="20240111 21:23:36.729"/>
</kw>
<kw name="Wait Until Element Is Visible" library="AppiumLibrary">
<arg>${kalender}</arg>
<doc>Waits until element specified with `locator` is visible.</doc>
<msg timestamp="20240111 21:23:37.448" level="INFO">xpath criteria: //android.view.View[@resource-id="android:id/month_view"]
xpath criteria: //android.view.View[@resource-id="android:id/month_view"]</msg>
<status status="PASS" starttime="20240111 21:23:36.729" endtime="20240111 21:23:37.448"/>
</kw>
<kw name="Click Element" library="AppiumLibrary">
<arg>${field_year}</arg>
<doc>Click element identified by `locator`.</doc>
<msg timestamp="20240111 21:23:37.457" level="INFO">Clicking element '//android.widget.TextView[@resource-id="android:id/date_picker_header_year"]'.</msg>
<msg timestamp="20240111 21:23:37.584" level="INFO">xpath criteria: //android.widget.TextView[@resource-id="android:id/date_picker_header_year"]</msg>
<status status="PASS" starttime="20240111 21:23:37.449" endtime="20240111 21:23:37.584"/>
</kw>
<kw name="Wait Until Element Is Visible" library="AppiumLibrary">
<arg>${year_2024}</arg>
<doc>Waits until element specified with `locator` is visible.</doc>
<msg timestamp="20240111 21:23:38.330" level="INFO">xpath criteria: //android.widget.TextView[@resource-id="android:id/text1" and @text="2024"]</msg>
<status status="PASS" starttime="20240111 21:23:37.585" endtime="20240111 21:23:38.330"/>
</kw>
<kw name="Click Element" library="AppiumLibrary">
<arg>${year_2024}</arg>
<doc>Click element identified by `locator`.</doc>
<msg timestamp="20240111 21:23:38.346" level="INFO">Clicking element '//android.widget.TextView[@resource-id="android:id/text1" and @text="2024"]'.</msg>
<msg timestamp="20240111 21:23:39.067" level="INFO">xpath criteria: //android.widget.TextView[@resource-id="android:id/text1" and @text="2024"]</msg>
<status status="PASS" starttime="20240111 21:23:38.330" endtime="20240111 21:23:39.067"/>
</kw>
<kw name="Wait Until Element Is Visible" library="AppiumLibrary">
<arg>${kalender}</arg>
<doc>Waits until element specified with `locator` is visible.</doc>
<msg timestamp="20240111 21:23:39.168" level="INFO">xpath criteria: //android.view.View[@resource-id="android:id/month_view"]</msg>
<status status="PASS" starttime="20240111 21:23:39.067" endtime="20240111 21:23:39.168"/>
</kw>
<kw name="Click Element" library="AppiumLibrary">
<arg>${27_agustus}</arg>
<doc>Click element identified by `locator`.</doc>
<msg timestamp="20240111 21:23:39.172" level="INFO">Clicking element '//android.view.View[@content-desc="27 August 2024"]'.</msg>
<msg timestamp="20240111 21:23:39.900" level="INFO">xpath criteria: //android.view.View[@content-desc="27 August 2024"]</msg>
<status status="PASS" starttime="20240111 21:23:39.168" endtime="20240111 21:23:39.900"/>
</kw>
<kw name="Click Element" library="AppiumLibrary">
<arg>${ok_button_calender}</arg>
<doc>Click element identified by `locator`.</doc>
<msg timestamp="20240111 21:23:39.906" level="INFO">Clicking element '//android.widget.Button[@resource-id="android:id/button1"]'.</msg>
<msg timestamp="20240111 21:23:40.049" level="INFO">xpath criteria: //android.widget.Button[@resource-id="android:id/button1"]</msg>
<status status="PASS" starttime="20240111 21:23:39.900" endtime="20240111 21:23:40.050"/>
</kw>
<status status="PASS" starttime="20240111 21:23:36.110" endtime="20240111 21:23:40.050"/>
</kw>
<kw name="Click Element" library="AppiumLibrary">
<arg>${radio_button_flight_hotel}</arg>
<doc>Click element identified by `locator`.</doc>
<msg timestamp="20240111 21:23:40.086" level="INFO">Clicking element '//android.widget.RadioButton[@resource-id="com.example.myapplication:id/radioButtonFlightHotel"]'.</msg>
<msg timestamp="20240111 21:23:40.725" level="INFO">xpath criteria: //android.widget.RadioButton[@resource-id="com.example.myapplication:id/radioButtonFlightHotel"]</msg>
<status status="PASS" starttime="20240111 21:23:40.050" endtime="20240111 21:23:40.725"/>
</kw>
<kw name="Click Book" library="bookPage">
<kw name="Click Element" library="AppiumLibrary">
<arg>${book_flight_button}</arg>
<doc>Click element identified by `locator`.</doc>
<msg timestamp="20240111 21:23:40.730" level="INFO">Clicking element '//android.widget.Button[@resource-id="com.example.myapplication:id/book_flight"]'.</msg>
<msg timestamp="20240111 21:23:41.382" level="INFO">xpath criteria: //android.widget.Button[@resource-id="com.example.myapplication:id/book_flight"]</msg>
<status status="PASS" starttime="20240111 21:23:40.726" endtime="20240111 21:23:41.382"/>
</kw>
<status status="PASS" starttime="20240111 21:23:40.725" endtime="20240111 21:23:41.383"/>
</kw>
<status status="PASS" starttime="20240111 21:23:26.346" endtime="20240111 21:23:41.383"/>
</kw>
<kw name="Choose Price Round Trip" library="bookPage">
<kw name="Wait Until Element Is Visible" library="AppiumLibrary">
<arg>${price_page}</arg>
<doc>Waits until element specified with `locator` is visible.</doc>
<msg timestamp="20240111 21:23:42.105" level="INFO">xpath criteria: //android.widget.TextView[@resource-id="com.example.myapplication:id/textView6"]</msg>
<status status="PASS" starttime="20240111 21:23:41.383" endtime="20240111 21:23:42.105"/>
</kw>
<kw name="Click Element" library="AppiumLibrary">
<arg>${harga_tiketRT}</arg>
<doc>Click element identified by `locator`.</doc>
<msg timestamp="20240111 21:23:42.115" level="INFO">Clicking element '//android.widget.Button[@resource-id="com.example.myapplication:id/price9"]'.</msg>
<msg timestamp="20240111 21:23:42.212" level="INFO">xpath criteria: //android.widget.Button[@resource-id="com.example.myapplication:id/price9"]</msg>
<status status="PASS" starttime="20240111 21:23:42.105" endtime="20240111 21:23:42.212"/>
</kw>
<kw name="Click Element" library="AppiumLibrary">
<arg>${btn_cnfrmPrice}</arg>
<doc>Click element identified by `locator`.</doc>
<msg timestamp="20240111 21:23:42.219" level="INFO">Clicking element '//android.widget.Button[@resource-id="com.example.myapplication:id/confirm_order"]'.</msg>
<msg timestamp="20240111 21:23:42.901" level="INFO">xpath criteria: //android.widget.Button[@resource-id="com.example.myapplication:id/confirm_order"]</msg>
<status status="PASS" starttime="20240111 21:23:42.212" endtime="20240111 21:23:42.901"/>
</kw>
<status status="PASS" starttime="20240111 21:23:41.383" endtime="20240111 21:23:42.901"/>
</kw>
<kw name="Verify Book Success" library="bookPage">
<kw name="Wait Until Element Is Visible" library="AppiumLibrary">
<arg>${scs_book_text}</arg>
<doc>Waits until element specified with `locator` is visible.</doc>
<msg timestamp="20240111 21:23:43.556" level="INFO">xpath criteria: //android.widget.CheckedTextView[@resource-id="com.example.myapplication:id/checkedTextView"]
xpath criteria: //android.widget.CheckedTextView[@resource-id="com.example.myapplication:id/checkedTextView"]</msg>
<status status="PASS" starttime="20240111 21:23:42.902" endtime="20240111 21:23:43.556"/>
</kw>
<kw name="Element Should Contain Text" library="AppiumLibrary">
<arg>${scs_book_text}</arg>
<arg>${scs_book_label}</arg>
<doc>Verifies element identified by ``locator`` contains text ``expected``.</doc>
<msg timestamp="20240111 21:23:43.564" level="INFO">Verifying element '//android.widget.CheckedTextView[@resource-id="com.example.myapplication:id/checkedTextView"]' contains text 'Your flight is booked. Reservation number is CADX2214'.</msg>
<msg timestamp="20240111 21:23:44.115" level="INFO">xpath criteria: //android.widget.CheckedTextView[@resource-id="com.example.myapplication:id/checkedTextView"]</msg>
<status status="PASS" starttime="20240111 21:23:43.556" endtime="20240111 21:23:44.115"/>
</kw>
<status status="PASS" starttime="20240111 21:23:42.901" endtime="20240111 21:23:44.115"/>
</kw>
<kw name="Close Flight Application" library="base" type="TEARDOWN">
<kw name="Close Application" library="AppiumLibrary">
<doc>Closes the current application and also close webdriver session.</doc>
<status status="PASS" starttime="20240111 21:23:44.116" endtime="20240111 21:23:44.485"/>
</kw>
<status status="PASS" starttime="20240111 21:23:44.115" endtime="20240111 21:23:44.485"/>
</kw>
<status status="PASS" starttime="20240111 21:23:13.729" endtime="20240111 21:23:44.486"/>
</test>
<status status="PASS" starttime="20240111 21:22:43.674" endtime="20240111 21:23:44.491"/>
</suite>
<statistics>
<total>
<stat pass="2" fail="0" skip="0">All Tests</stat>
</total>
<tag>
</tag>
<suite>
<stat pass="2" fail="0" skip="0" id="s1" name="bookingSuite">bookingSuite</stat>
</suite>
</statistics>
<errors>
</errors>
</robot>
